DYLD_FALLBACK_LIBRARY_PATH=.:/Users/viget/.rvm/rubies/ruby-3.2.2/lib pkg-config --exists openssl
DYLD_FALLBACK_LIBRARY_PATH=.:/Users/viget/.rvm/rubies/ruby-3.2.2/lib pkg-config --libs openssl |
=> "-L/usr/local/Cellar/openssl@3/3.1.1_1/lib -lssl -lcrypto\n"
DYLD_FALLBACK_LIBRARY_PATH=.:/Users/viget/.rvm/rubies/ruby-3.2.2/lib "gcc -o conftest -I/Users/viget/.rvm/rubies/ruby-3.2.2/include/ruby-3.2.0/x86_64-darwin22 -I/Users/viget/.rvm/rubies/ruby-3.2.2/include/ruby-3.2.0/ruby/backward -I/Users/viget/.rvm/rubies/ruby-3.2.2/include/ruby-3.2.0 -I. -D_XOPEN_SOURCE -D_DARWIN_C_SOURCE -D_DARWIN_UNLIMITED_SELECT -D_REENTRANT   -O3 -I/usr/local/opt/libyaml/include -I/usr/local/opt/libksba/include -I/usr/local/opt/readline/include -I/usr/local/opt/zlib/include -I/usr/local/opt/openssl@1.1/include -fdeclspec -O3 -fno-fast-math -ggdb3 -Wall -Wextra -Wextra-tokens -Wdeprecated-declarations -Wdivision-by-zero -Wdiv-by-zero -Wimplicit-function-declaration -Wimplicit-int -Wmisleading-indentation -Wpointer-arith -Wshorten-64-to-32 -Wwrite-strings -Wold-style-definition -Wmissing-noreturn -Wno-cast-function-type -Wno-constant-logical-operand -Wno-long-long -Wno-missing-field-initializers -Wno-overlength-strings -Wno-parentheses-equality -Wno-self-assign -Wno-tautological-compare -Wno-unused-parameter -Wno-unused-value -Wunused-variable -Wundef -fno-common -pipe conftest.c  -L. -L/Users/viget/.rvm/rubies/ruby-3.2.2/lib -L. -L/usr/local/opt/libyaml/lib -L/usr/local/opt/libksba/lib -L/usr/local/opt/readline/lib -L/usr/local/opt/zlib/lib -L/usr/local/opt/openssl@1.1/lib -fstack-protector-strong     -lruby.3.2  -lpthread  "
checked program was:
/* begin */
1: #include "ruby.h"
2: 
3: int main(int argc, char **argv)
4: {
5:   return !!argv[argc];
6: }
/* end */

DYLD_FALLBACK_LIBRARY_PATH=.:/Users/viget/.rvm/rubies/ruby-3.2.2/lib "gcc -o conftest -I/Users/viget/.rvm/rubies/ruby-3.2.2/include/ruby-3.2.0/x86_64-darwin22 -I/Users/viget/.rvm/rubies/ruby-3.2.2/include/ruby-3.2.0/ruby/backward -I/Users/viget/.rvm/rubies/ruby-3.2.2/include/ruby-3.2.0 -I. -D_XOPEN_SOURCE -D_DARWIN_C_SOURCE -D_DARWIN_UNLIMITED_SELECT -D_REENTRANT   -O3 -I/usr/local/opt/libyaml/include -I/usr/local/opt/libksba/include -I/usr/local/opt/readline/include -I/usr/local/opt/zlib/include -I/usr/local/opt/openssl@1.1/include -fdeclspec -O3 -fno-fast-math -ggdb3 -Wall -Wextra -Wextra-tokens -Wdeprecated-declarations -Wdivision-by-zero -Wdiv-by-zero -Wimplicit-function-declaration -Wimplicit-int -Wmisleading-indentation -Wpointer-arith -Wshorten-64-to-32 -Wwrite-strings -Wold-style-definition -Wmissing-noreturn -Wno-cast-function-type -Wno-constant-logical-operand -Wno-long-long -Wno-missing-field-initializers -Wno-overlength-strings -Wno-parentheses-equality -Wno-self-assign -Wno-tautological-compare -Wno-unused-parameter -Wno-unused-value -Wunused-variable -Wundef -fno-common -pipe conftest.c  -L. -L/Users/viget/.rvm/rubies/ruby-3.2.2/lib -L. -L/usr/local/opt/libyaml/lib -L/usr/local/opt/libksba/lib -L/usr/local/opt/readline/lib -L/usr/local/opt/zlib/lib -L/usr/local/opt/openssl@1.1/lib -fstack-protector-strong     -lruby.3.2 -L/usr/local/Cellar/openssl@3/3.1.1_1/lib -lssl -lcrypto -lpthread  "
checked program was:
/* begin */
1: #include "ruby.h"
2: 
3: int main(int argc, char **argv)
4: {
5:   return !!argv[argc];
6: }
/* end */

DYLD_FALLBACK_LIBRARY_PATH=.:/Users/viget/.rvm/rubies/ruby-3.2.2/lib pkg-config --cflags-only-I openssl |
=> "-I/usr/local/Cellar/openssl@3/3.1.1_1/include\n"
DYLD_FALLBACK_LIBRARY_PATH=.:/Users/viget/.rvm/rubies/ruby-3.2.2/lib pkg-config --cflags-only-other openssl |
=> "\n"
DYLD_FALLBACK_LIBRARY_PATH=.:/Users/viget/.rvm/rubies/ruby-3.2.2/lib pkg-config --libs-only-l openssl |
=> "-lssl -lcrypto\n"
package configuration for openssl
incflags: -I/usr/local/Cellar/openssl@3/3.1.1_1/include
cflags: 
ldflags: -L/usr/local/Cellar/openssl@3/3.1.1_1/lib
libs: -lssl -lcrypto

have_header: checking for openssl/bio.h... -------------------- yes

DYLD_FALLBACK_LIBRARY_PATH=.:/Users/viget/.rvm/rubies/ruby-3.2.2/lib "gcc -I/Users/viget/.rvm/rubies/ruby-3.2.2/include/ruby-3.2.0/x86_64-darwin22 -I/Users/viget/.rvm/rubies/ruby-3.2.2/include/ruby-3.2.0/ruby/backward -I/Users/viget/.rvm/rubies/ruby-3.2.2/include/ruby-3.2.0 -I. -I/usr/local/Cellar/openssl@3/3.1.1_1/include -D_XOPEN_SOURCE -D_DARWIN_C_SOURCE -D_DARWIN_UNLIMITED_SELECT -D_REENTRANT   -O3 -I/usr/local/opt/libyaml/include -I/usr/local/opt/libksba/include -I/usr/local/opt/readline/include -I/usr/local/opt/zlib/include -I/usr/local/opt/openssl@1.1/include -fdeclspec -O3 -fno-fast-math -ggdb3 -Wall -Wextra -Wextra-tokens -Wdeprecated-declarations -Wdivision-by-zero -Wdiv-by-zero -Wimplicit-function-declaration -Wimplicit-int -Wmisleading-indentation -Wpointer-arith -Wshorten-64-to-32 -Wwrite-strings -Wold-style-definition -Wmissing-noreturn -Wno-cast-function-type -Wno-constant-logical-operand -Wno-long-long -Wno-missing-field-initializers -Wno-overlength-strings -Wno-parentheses-equality -Wno-self-assign -Wno-tautological-compare -Wno-unused-parameter -Wno-unused-value -Wunused-variable -Wundef -fno-common -pipe    -c conftest.c"
checked program was:
/* begin */
1: #include "ruby.h"
2: 
3: #include <openssl/bio.h>
/* end */

--------------------

have_func: checking for DTLS_method() in openssl/ssl.h... -------------------- yes

DYLD_FALLBACK_LIBRARY_PATH=.:/Users/viget/.rvm/rubies/ruby-3.2.2/lib "gcc -o conftest -I/Users/viget/.rvm/rubies/ruby-3.2.2/include/ruby-3.2.0/x86_64-darwin22 -I/Users/viget/.rvm/rubies/ruby-3.2.2/include/ruby-3.2.0/ruby/backward -I/Users/viget/.rvm/rubies/ruby-3.2.2/include/ruby-3.2.0 -I. -I/usr/local/Cellar/openssl@3/3.1.1_1/include -D_XOPEN_SOURCE -D_DARWIN_C_SOURCE -D_DARWIN_UNLIMITED_SELECT -D_REENTRANT   -O3 -I/usr/local/opt/libyaml/include -I/usr/local/opt/libksba/include -I/usr/local/opt/readline/include -I/usr/local/opt/zlib/include -I/usr/local/opt/openssl@1.1/include -fdeclspec -O3 -fno-fast-math -ggdb3 -Wall -Wextra -Wextra-tokens -Wdeprecated-declarations -Wdivision-by-zero -Wdiv-by-zero -Wimplicit-function-declaration -Wimplicit-int -Wmisleading-indentation -Wpointer-arith -Wshorten-64-to-32 -Wwrite-strings -Wold-style-definition -Wmissing-noreturn -Wno-cast-function-type -Wno-constant-logical-operand -Wno-long-long -Wno-missing-field-initializers -Wno-overlength-strings -Wno-parentheses-equality -Wno-self-assign -Wno-tautological-compare -Wno-unused-parameter -Wno-unused-value -Wunused-variable -Wundef -fno-common -pipe  conftest.c  -L. -L/Users/viget/.rvm/rubies/ruby-3.2.2/lib -L. -L/usr/local/opt/libyaml/lib -L/usr/local/opt/libksba/lib -L/usr/local/opt/readline/lib -L/usr/local/opt/zlib/lib -L/usr/local/opt/openssl@1.1/lib -fstack-protector-strong -L/usr/local/Cellar/openssl@3/3.1.1_1/lib     -lssl -lcrypto -lruby.3.2  -lssl -lcrypto -lpthread  "
checked program was:
/* begin */
 1: #include "ruby.h"
 2: 
 3: #include <openssl/ssl.h>
 4: 
 5: /*top*/
 6: extern int t(void);
 7: int main(int argc, char **argv)
 8: {
 9:   if (argc > 1000000) {
10:     int (* volatile tp)(void)=(int (*)(void))&t;
11:     printf("%d", (*tp)());
12:   }
13: 
14:   return !!argv[argc];
15: }
16: int t(void) { void ((*volatile p)()); p = (void ((*)()))DTLS_method; return !p; }
/* end */

--------------------

have_func: checking for TLS_server_method() in openssl/ssl.h... -------------------- yes

DYLD_FALLBACK_LIBRARY_PATH=.:/Users/viget/.rvm/rubies/ruby-3.2.2/lib "gcc -o conftest -I/Users/viget/.rvm/rubies/ruby-3.2.2/include/ruby-3.2.0/x86_64-darwin22 -I/Users/viget/.rvm/rubies/ruby-3.2.2/include/ruby-3.2.0/ruby/backward -I/Users/viget/.rvm/rubies/ruby-3.2.2/include/ruby-3.2.0 -I. -I/usr/local/Cellar/openssl@3/3.1.1_1/include -D_XOPEN_SOURCE -D_DARWIN_C_SOURCE -D_DARWIN_UNLIMITED_SELECT -D_REENTRANT   -O3 -I/usr/local/opt/libyaml/include -I/usr/local/opt/libksba/include -I/usr/local/opt/readline/include -I/usr/local/opt/zlib/include -I/usr/local/opt/openssl@1.1/include -fdeclspec -O3 -fno-fast-math -ggdb3 -Wall -Wextra -Wextra-tokens -Wdeprecated-declarations -Wdivision-by-zero -Wdiv-by-zero -Wimplicit-function-declaration -Wimplicit-int -Wmisleading-indentation -Wpointer-arith -Wshorten-64-to-32 -Wwrite-strings -Wold-style-definition -Wmissing-noreturn -Wno-cast-function-type -Wno-constant-logical-operand -Wno-long-long -Wno-missing-field-initializers -Wno-overlength-strings -Wno-parentheses-equality -Wno-self-assign -Wno-tautological-compare -Wno-unused-parameter -Wno-unused-value -Wunused-variable -Wundef -fno-common -pipe  conftest.c  -L. -L/Users/viget/.rvm/rubies/ruby-3.2.2/lib -L. -L/usr/local/opt/libyaml/lib -L/usr/local/opt/libksba/lib -L/usr/local/opt/readline/lib -L/usr/local/opt/zlib/lib -L/usr/local/opt/openssl@1.1/lib -fstack-protector-strong -L/usr/local/Cellar/openssl@3/3.1.1_1/lib     -lssl -lcrypto -lruby.3.2  -lssl -lcrypto -lpthread  "
checked program was:
/* begin */
 1: #include "ruby.h"
 2: 
 3: #include <openssl/ssl.h>
 4: 
 5: /*top*/
 6: extern int t(void);
 7: int main(int argc, char **argv)
 8: {
 9:   if (argc > 1000000) {
10:     int (* volatile tp)(void)=(int (*)(void))&t;
11:     printf("%d", (*tp)());
12:   }
13: 
14:   return !!argv[argc];
15: }
16: int t(void) { void ((*volatile p)()); p = (void ((*)()))TLS_server_method; return !p; }
/* end */

--------------------

have_func: checking for SSL_CTX_set_min_proto_version(NULL, 0) in openssl/ssl.h... -------------------- yes

DYLD_FALLBACK_LIBRARY_PATH=.:/Users/viget/.rvm/rubies/ruby-3.2.2/lib "gcc -o conftest -I/Users/viget/.rvm/rubies/ruby-3.2.2/include/ruby-3.2.0/x86_64-darwin22 -I/Users/viget/.rvm/rubies/ruby-3.2.2/include/ruby-3.2.0/ruby/backward -I/Users/viget/.rvm/rubies/ruby-3.2.2/include/ruby-3.2.0 -I. -I/usr/local/Cellar/openssl@3/3.1.1_1/include -D_XOPEN_SOURCE -D_DARWIN_C_SOURCE -D_DARWIN_UNLIMITED_SELECT -D_REENTRANT   -O3 -I/usr/local/opt/libyaml/include -I/usr/local/opt/libksba/include -I/usr/local/opt/readline/include -I/usr/local/opt/zlib/include -I/usr/local/opt/openssl@1.1/include -fdeclspec -O3 -fno-fast-math -ggdb3 -Wall -Wextra -Wextra-tokens -Wdeprecated-declarations -Wdivision-by-zero -Wdiv-by-zero -Wimplicit-function-declaration -Wimplicit-int -Wmisleading-indentation -Wpointer-arith -Wshorten-64-to-32 -Wwrite-strings -Wold-style-definition -Wmissing-noreturn -Wno-cast-function-type -Wno-constant-logical-operand -Wno-long-long -Wno-missing-field-initializers -Wno-overlength-strings -Wno-parentheses-equality -Wno-self-assign -Wno-tautological-compare -Wno-unused-parameter -Wno-unused-value -Wunused-variable -Wundef -fno-common -pipe  conftest.c  -L. -L/Users/viget/.rvm/rubies/ruby-3.2.2/lib -L. -L/usr/local/opt/libyaml/lib -L/usr/local/opt/libksba/lib -L/usr/local/opt/readline/lib -L/usr/local/opt/zlib/lib -L/usr/local/opt/openssl@1.1/lib -fstack-protector-strong -L/usr/local/Cellar/openssl@3/3.1.1_1/lib     -lssl -lcrypto -lruby.3.2  -lssl -lcrypto -lpthread  "
checked program was:
/* begin */
 1: #include "ruby.h"
 2: 
 3: #include <openssl/ssl.h>
 4: 
 5: /*top*/
 6: extern int t(void);
 7: int main(int argc, char **argv)
 8: {
 9:   if (argc > 1000000) {
10:     int (* volatile tp)(void)=(int (*)(void))&t;
11:     printf("%d", (*tp)());
12:   }
13: 
14:   return !!argv[argc];
15: }
16: 
17: int t(void) { SSL_CTX_set_min_proto_version(NULL, 0); return 0; }
/* end */

--------------------

have_func: checking for X509_STORE_up_ref()... -------------------- yes

DYLD_FALLBACK_LIBRARY_PATH=.:/Users/viget/.rvm/rubies/ruby-3.2.2/lib "gcc -o conftest -I/Users/viget/.rvm/rubies/ruby-3.2.2/include/ruby-3.2.0/x86_64-darwin22 -I/Users/viget/.rvm/rubies/ruby-3.2.2/include/ruby-3.2.0/ruby/backward -I/Users/viget/.rvm/rubies/ruby-3.2.2/include/ruby-3.2.0 -I. -I/usr/local/Cellar/openssl@3/3.1.1_1/include -D_XOPEN_SOURCE -D_DARWIN_C_SOURCE -D_DARWIN_UNLIMITED_SELECT -D_REENTRANT   -O3 -I/usr/local/opt/libyaml/include -I/usr/local/opt/libksba/include -I/usr/local/opt/readline/include -I/usr/local/opt/zlib/include -I/usr/local/opt/openssl@1.1/include -fdeclspec -O3 -fno-fast-math -ggdb3 -Wall -Wextra -Wextra-tokens -Wdeprecated-declarations -Wdivision-by-zero -Wdiv-by-zero -Wimplicit-function-declaration -Wimplicit-int -Wmisleading-indentation -Wpointer-arith -Wshorten-64-to-32 -Wwrite-strings -Wold-style-definition -Wmissing-noreturn -Wno-cast-function-type -Wno-constant-logical-operand -Wno-long-long -Wno-missing-field-initializers -Wno-overlength-strings -Wno-parentheses-equality -Wno-self-assign -Wno-tautological-compare -Wno-unused-parameter -Wno-unused-value -Wunused-variable -Wundef -fno-common -pipe  conftest.c  -L. -L/Users/viget/.rvm/rubies/ruby-3.2.2/lib -L. -L/usr/local/opt/libyaml/lib -L/usr/local/opt/libksba/lib -L/usr/local/opt/readline/lib -L/usr/local/opt/zlib/lib -L/usr/local/opt/openssl@1.1/lib -fstack-protector-strong -L/usr/local/Cellar/openssl@3/3.1.1_1/lib     -lssl -lcrypto -lruby.3.2  -lssl -lcrypto -lpthread  "
conftest.c:14:57: error: use of undeclared identifier 'X509_STORE_up_ref'
int t(void) { void ((*volatile p)()); p = (void ((*)()))X509_STORE_up_ref; return !p; }
                                                        ^
1 error generated.
checked program was:
/* begin */
 1: #include "ruby.h"
 2: 
 3: /*top*/
 4: extern int t(void);
 5: int main(int argc, char **argv)
 6: {
 7:   if (argc > 1000000) {
 8:     int (* volatile tp)(void)=(int (*)(void))&t;
 9:     printf("%d", (*tp)());
10:   }
11: 
12:   return !!argv[argc];
13: }
14: int t(void) { void ((*volatile p)()); p = (void ((*)()))X509_STORE_up_ref; return !p; }
/* end */

DYLD_FALLBACK_LIBRARY_PATH=.:/Users/viget/.rvm/rubies/ruby-3.2.2/lib "gcc -o conftest -I/Users/viget/.rvm/rubies/ruby-3.2.2/include/ruby-3.2.0/x86_64-darwin22 -I/Users/viget/.rvm/rubies/ruby-3.2.2/include/ruby-3.2.0/ruby/backward -I/Users/viget/.rvm/rubies/ruby-3.2.2/include/ruby-3.2.0 -I. -I/usr/local/Cellar/openssl@3/3.1.1_1/include -D_XOPEN_SOURCE -D_DARWIN_C_SOURCE -D_DARWIN_UNLIMITED_SELECT -D_REENTRANT   -O3 -I/usr/local/opt/libyaml/include -I/usr/local/opt/libksba/include -I/usr/local/opt/readline/include -I/usr/local/opt/zlib/include -I/usr/local/opt/openssl@1.1/include -fdeclspec -O3 -fno-fast-math -ggdb3 -Wall -Wextra -Wextra-tokens -Wdeprecated-declarations -Wdivision-by-zero -Wdiv-by-zero -Wimplicit-function-declaration -Wimplicit-int -Wmisleading-indentation -Wpointer-arith -Wshorten-64-to-32 -Wwrite-strings -Wold-style-definition -Wmissing-noreturn -Wno-cast-function-type -Wno-constant-logical-operand -Wno-long-long -Wno-missing-field-initializers -Wno-overlength-strings -Wno-parentheses-equality -Wno-self-assign -Wno-tautological-compare -Wno-unused-parameter -Wno-unused-value -Wunused-variable -Wundef -fno-common -pipe  conftest.c  -L. -L/Users/viget/.rvm/rubies/ruby-3.2.2/lib -L. -L/usr/local/opt/libyaml/lib -L/usr/local/opt/libksba/lib -L/usr/local/opt/readline/lib -L/usr/local/opt/zlib/lib -L/usr/local/opt/openssl@1.1/lib -fstack-protector-strong -L/usr/local/Cellar/openssl@3/3.1.1_1/lib     -lssl -lcrypto -lruby.3.2  -lssl -lcrypto -lpthread  "
checked program was:
/* begin */
 1: #include "ruby.h"
 2: 
 3: /*top*/
 4: extern int t(void);
 5: int main(int argc, char **argv)
 6: {
 7:   if (argc > 1000000) {
 8:     int (* volatile tp)(void)=(int (*)(void))&t;
 9:     printf("%d", (*tp)());
10:   }
11: 
12:   return !!argv[argc];
13: }
14: extern void X509_STORE_up_ref();
15: int t(void) { X509_STORE_up_ref(); return 0; }
/* end */

--------------------

have_func: checking for SSL_CTX_set_ecdh_auto(NULL, 0) in openssl/ssl.h... -------------------- yes

DYLD_FALLBACK_LIBRARY_PATH=.:/Users/viget/.rvm/rubies/ruby-3.2.2/lib "gcc -o conftest -I/Users/viget/.rvm/rubies/ruby-3.2.2/include/ruby-3.2.0/x86_64-darwin22 -I/Users/viget/.rvm/rubies/ruby-3.2.2/include/ruby-3.2.0/ruby/backward -I/Users/viget/.rvm/rubies/ruby-3.2.2/include/ruby-3.2.0 -I. -I/usr/local/Cellar/openssl@3/3.1.1_1/include -D_XOPEN_SOURCE -D_DARWIN_C_SOURCE -D_DARWIN_UNLIMITED_SELECT -D_REENTRANT   -O3 -I/usr/local/opt/libyaml/include -I/usr/local/opt/libksba/include -I/usr/local/opt/readline/include -I/usr/local/opt/zlib/include -I/usr/local/opt/openssl@1.1/include -fdeclspec -O3 -fno-fast-math -ggdb3 -Wall -Wextra -Wextra-tokens -Wdeprecated-declarations -Wdivision-by-zero -Wdiv-by-zero -Wimplicit-function-declaration -Wimplicit-int -Wmisleading-indentation -Wpointer-arith -Wshorten-64-to-32 -Wwrite-strings -Wold-style-definition -Wmissing-noreturn -Wno-cast-function-type -Wno-constant-logical-operand -Wno-long-long -Wno-missing-field-initializers -Wno-overlength-strings -Wno-parentheses-equality -Wno-self-assign -Wno-tautological-compare -Wno-unused-parameter -Wno-unused-value -Wunused-variable -Wundef -fno-common -pipe  conftest.c  -L. -L/Users/viget/.rvm/rubies/ruby-3.2.2/lib -L. -L/usr/local/opt/libyaml/lib -L/usr/local/opt/libksba/lib -L/usr/local/opt/readline/lib -L/usr/local/opt/zlib/lib -L/usr/local/opt/openssl@1.1/lib -fstack-protector-strong -L/usr/local/Cellar/openssl@3/3.1.1_1/lib     -lssl -lcrypto -lruby.3.2  -lssl -lcrypto -lpthread  "
checked program was:
/* begin */
 1: #include "ruby.h"
 2: 
 3: #include <openssl/ssl.h>
 4: 
 5: /*top*/
 6: extern int t(void);
 7: int main(int argc, char **argv)
 8: {
 9:   if (argc > 1000000) {
10:     int (* volatile tp)(void)=(int (*)(void))&t;
11:     printf("%d", (*tp)());
12:   }
13: 
14:   return !!argv[argc];
15: }
16: 
17: int t(void) { SSL_CTX_set_ecdh_auto(NULL, 0); return 0; }
/* end */

--------------------

have_func: checking for SSL_CTX_set_dh_auto(NULL, 0) in openssl/ssl.h... -------------------- yes

DYLD_FALLBACK_LIBRARY_PATH=.:/Users/viget/.rvm/rubies/ruby-3.2.2/lib "gcc -o conftest -I/Users/viget/.rvm/rubies/ruby-3.2.2/include/ruby-3.2.0/x86_64-darwin22 -I/Users/viget/.rvm/rubies/ruby-3.2.2/include/ruby-3.2.0/ruby/backward -I/Users/viget/.rvm/rubies/ruby-3.2.2/include/ruby-3.2.0 -I. -I/usr/local/Cellar/openssl@3/3.1.1_1/include -D_XOPEN_SOURCE -D_DARWIN_C_SOURCE -D_DARWIN_UNLIMITED_SELECT -D_REENTRANT   -O3 -I/usr/local/opt/libyaml/include -I/usr/local/opt/libksba/include -I/usr/local/opt/readline/include -I/usr/local/opt/zlib/include -I/usr/local/opt/openssl@1.1/include -fdeclspec -O3 -fno-fast-math -ggdb3 -Wall -Wextra -Wextra-tokens -Wdeprecated-declarations -Wdivision-by-zero -Wdiv-by-zero -Wimplicit-function-declaration -Wimplicit-int -Wmisleading-indentation -Wpointer-arith -Wshorten-64-to-32 -Wwrite-strings -Wold-style-definition -Wmissing-noreturn -Wno-cast-function-type -Wno-constant-logical-operand -Wno-long-long -Wno-missing-field-initializers -Wno-overlength-strings -Wno-parentheses-equality -Wno-self-assign -Wno-tautological-compare -Wno-unused-parameter -Wno-unused-value -Wunused-variable -Wundef -fno-common -pipe  conftest.c  -L. -L/Users/viget/.rvm/rubies/ruby-3.2.2/lib -L. -L/usr/local/opt/libyaml/lib -L/usr/local/opt/libksba/lib -L/usr/local/opt/readline/lib -L/usr/local/opt/zlib/lib -L/usr/local/opt/openssl@1.1/lib -fstack-protector-strong -L/usr/local/Cellar/openssl@3/3.1.1_1/lib     -lssl -lcrypto -lruby.3.2  -lssl -lcrypto -lpthread  "
checked program was:
/* begin */
 1: #include "ruby.h"
 2: 
 3: #include <openssl/ssl.h>
 4: 
 5: /*top*/
 6: extern int t(void);
 7: int main(int argc, char **argv)
 8: {
 9:   if (argc > 1000000) {
10:     int (* volatile tp)(void)=(int (*)(void))&t;
11:     printf("%d", (*tp)());
12:   }
13: 
14:   return !!argv[argc];
15: }
16: 
17: int t(void) { SSL_CTX_set_dh_auto(NULL, 0); return 0; }
/* end */

--------------------

have_func: checking for SSL_get1_peer_certificate() in openssl/ssl.h... -------------------- no

DYLD_FALLBACK_LIBRARY_PATH=.:/Users/viget/.rvm/rubies/ruby-3.2.2/lib "gcc -o conftest -I/Users/viget/.rvm/rubies/ruby-3.2.2/include/ruby-3.2.0/x86_64-darwin22 -I/Users/viget/.rvm/rubies/ruby-3.2.2/include/ruby-3.2.0/ruby/backward -I/Users/viget/.rvm/rubies/ruby-3.2.2/include/ruby-3.2.0 -I. -I/usr/local/Cellar/openssl@3/3.1.1_1/include -D_XOPEN_SOURCE -D_DARWIN_C_SOURCE -D_DARWIN_UNLIMITED_SELECT -D_REENTRANT   -O3 -I/usr/local/opt/libyaml/include -I/usr/local/opt/libksba/include -I/usr/local/opt/readline/include -I/usr/local/opt/zlib/include -I/usr/local/opt/openssl@1.1/include -fdeclspec -O3 -fno-fast-math -ggdb3 -Wall -Wextra -Wextra-tokens -Wdeprecated-declarations -Wdivision-by-zero -Wdiv-by-zero -Wimplicit-function-declaration -Wimplicit-int -Wmisleading-indentation -Wpointer-arith -Wshorten-64-to-32 -Wwrite-strings -Wold-style-definition -Wmissing-noreturn -Wno-cast-function-type -Wno-constant-logical-operand -Wno-long-long -Wno-missing-field-initializers -Wno-overlength-strings -Wno-parentheses-equality -Wno-self-assign -Wno-tautological-compare -Wno-unused-parameter -Wno-unused-value -Wunused-variable -Wundef -fno-common -pipe  conftest.c  -L. -L/Users/viget/.rvm/rubies/ruby-3.2.2/lib -L. -L/usr/local/opt/libyaml/lib -L/usr/local/opt/libksba/lib -L/usr/local/opt/readline/lib -L/usr/local/opt/zlib/lib -L/usr/local/opt/openssl@1.1/lib -fstack-protector-strong -L/usr/local/Cellar/openssl@3/3.1.1_1/lib     -lssl -lcrypto -lruby.3.2  -lssl -lcrypto -lpthread  "
Undefined symbols for architecture x86_64:
  "_SSL_get1_peer_certificate", referenced from:
      _t in conftest-e43d41.o
ld: symbol(s) not found for architecture x86_64
clang: error: linker command failed with exit code 1 (use -v to see invocation)
checked program was:
/* begin */
 1: #include "ruby.h"
 2: 
 3: #include <openssl/ssl.h>
 4: 
 5: /*top*/
 6: extern int t(void);
 7: int main(int argc, char **argv)
 8: {
 9:   if (argc > 1000000) {
10:     int (* volatile tp)(void)=(int (*)(void))&t;
11:     printf("%d", (*tp)());
12:   }
13: 
14:   return !!argv[argc];
15: }
16: int t(void) { void ((*volatile p)()); p = (void ((*)()))SSL_get1_peer_certificate; return !p; }
/* end */

DYLD_FALLBACK_LIBRARY_PATH=.:/Users/viget/.rvm/rubies/ruby-3.2.2/lib "gcc -o conftest -I/Users/viget/.rvm/rubies/ruby-3.2.2/include/ruby-3.2.0/x86_64-darwin22 -I/Users/viget/.rvm/rubies/ruby-3.2.2/include/ruby-3.2.0/ruby/backward -I/Users/viget/.rvm/rubies/ruby-3.2.2/include/ruby-3.2.0 -I. -I/usr/local/Cellar/openssl@3/3.1.1_1/include -D_XOPEN_SOURCE -D_DARWIN_C_SOURCE -D_DARWIN_UNLIMITED_SELECT -D_REENTRANT   -O3 -I/usr/local/opt/libyaml/include -I/usr/local/opt/libksba/include -I/usr/local/opt/readline/include -I/usr/local/opt/zlib/include -I/usr/local/opt/openssl@1.1/include -fdeclspec -O3 -fno-fast-math -ggdb3 -Wall -Wextra -Wextra-tokens -Wdeprecated-declarations -Wdivision-by-zero -Wdiv-by-zero -Wimplicit-function-declaration -Wimplicit-int -Wmisleading-indentation -Wpointer-arith -Wshorten-64-to-32 -Wwrite-strings -Wold-style-definition -Wmissing-noreturn -Wno-cast-function-type -Wno-constant-logical-operand -Wno-long-long -Wno-missing-field-initializers -Wno-overlength-strings -Wno-parentheses-equality -Wno-self-assign -Wno-tautological-compare -Wno-unused-parameter -Wno-unused-value -Wunused-variable -Wundef -fno-common -pipe  conftest.c  -L. -L/Users/viget/.rvm/rubies/ruby-3.2.2/lib -L. -L/usr/local/opt/libyaml/lib -L/usr/local/opt/libksba/lib -L/usr/local/opt/readline/lib -L/usr/local/opt/zlib/lib -L/usr/local/opt/openssl@1.1/lib -fstack-protector-strong -L/usr/local/Cellar/openssl@3/3.1.1_1/lib     -lssl -lcrypto -lruby.3.2  -lssl -lcrypto -lpthread  "
conftest.c:16:13: warning: a function declaration without a prototype is deprecated in all versions of C and is not supported in C2x [-Wdeprecated-non-prototype]
extern void SSL_get1_peer_certificate();
            ^
conftest.c:16:13: error: conflicting types for 'SSL_get1_peer_certificate'
/usr/local/Cellar/openssl@3/3.1.1_1/include/openssl/ssl.h:1792:14: note: previous declaration is here
__owur X509 *SSL_get1_peer_certificate(const SSL *s);
             ^
conftest.c:17:41: error: too few arguments to function call, single argument 's' was not specified
int t(void) { SSL_get1_peer_certificate(); return 0; }
              ~~~~~~~~~~~~~~~~~~~~~~~~~ ^
/usr/local/Cellar/openssl@3/3.1.1_1/include/openssl/ssl.h:1792:14: note: 'SSL_get1_peer_certificate' declared here
__owur X509 *SSL_get1_peer_certificate(const SSL *s);
             ^
1 warning and 2 errors generated.
checked program was:
/* begin */
 1: #include "ruby.h"
 2: 
 3: #include <openssl/ssl.h>
 4: 
 5: /*top*/
 6: extern int t(void);
 7: int main(int argc, char **argv)
 8: {
 9:   if (argc > 1000000) {
10:     int (* volatile tp)(void)=(int (*)(void))&t;
11:     printf("%d", (*tp)());
12:   }
13: 
14:   return !!argv[argc];
15: }
16: extern void SSL_get1_peer_certificate();
17: int t(void) { SSL_get1_peer_certificate(); return 0; }
/* end */

--------------------

